app/build/intermediates/manifest_merge_blame_file/debug/manifest-merger-blame-debug-report.txt
1<?xml version="1.0" encoding="utf-8"?>
2<manifest xmlns:android="http://schemas.android.com/apk/res/android"
3    package="com.codepath.apps.restclienttemplate"
4    android:versionCode="1"
5    android:versionName="1.0" >
6
7    <uses-sdk
8        android:minSdkVersion="21"
8-->src/main/AndroidManifest.xml
9        android:targetSdkVersion="30" />
9-->src/main/AndroidManifest.xml
10
11    <uses-permission android:name="android.permission.INTERNET" />
11-->src/main/AndroidManifest.xml:7:5-67
11-->src/main/AndroidManifest.xml:7:22-64
12    <uses-permission android:name="android.permission.WRITE_EXTERNAL_STORAGE" />
12-->src/main/AndroidManifest.xml:8:5-81
12-->src/main/AndroidManifest.xml:8:22-78
13
14    <application
14-->src/main/AndroidManifest.xml:10:5-40:19
15        android:name="com.codepath.apps.restclienttemplate.TwitterApp"
15-->src/main/AndroidManifest.xml:12:9-35
16        android:allowBackup="true"
16-->src/main/AndroidManifest.xml:11:9-35
17        android:appComponentFactory="androidx.core.app.CoreComponentFactory"
17-->[androidx.core:core:1.3.1] AndroidManifest.xml:24:18-86
18        android:debuggable="true"
19        android:icon="@drawable/ic_launcher"
19-->src/main/AndroidManifest.xml:13:9-45
20        android:label="@string/app_name"
20-->src/main/AndroidManifest.xml:14:9-41
21        android:testOnly="true"
22        android:theme="@style/AppTheme" >
22-->src/main/AndroidManifest.xml:15:9-40
23        <activity android:name="com.codepath.apps.restclienttemplate.SplashActivity" >
23-->src/main/AndroidManifest.xml:16:9-21:20
23-->src/main/AndroidManifest.xml:16:19-49
24            <intent-filter>
24-->src/main/AndroidManifest.xml:17:13-20:29
25                <action android:name="android.intent.action.MAIN" />
25-->src/main/AndroidManifest.xml:18:17-69
25-->src/main/AndroidManifest.xml:18:25-66
26
27                <category android:name="android.intent.category.LAUNCHER" />
27-->src/main/AndroidManifest.xml:19:17-77
27-->src/main/AndroidManifest.xml:19:27-74
28            </intent-filter>
29        </activity>
30        <activity android:name="com.codepath.apps.restclienttemplate.ComposeActivity" />
30-->src/main/AndroidManifest.xml:22:9-62
30-->src/main/AndroidManifest.xml:22:19-50
31        <activity android:name="com.codepath.apps.restclienttemplate.TimelineActivity" />
31-->src/main/AndroidManifest.xml:23:9-54
31-->src/main/AndroidManifest.xml:23:19-51
32        <activity
32-->src/main/AndroidManifest.xml:24:9-39:20
33            android:name="com.codepath.apps.restclienttemplate.LoginActivity"
33-->src/main/AndroidManifest.xml:25:13-42
34            android:label="@string/app_name"
34-->src/main/AndroidManifest.xml:26:13-45
35            android:theme="@style/AppTheme" >
35-->src/main/AndroidManifest.xml:27:13-44
36            <intent-filter>
36-->src/main/AndroidManifest.xml:29:13-38:29
37                <action android:name="android.intent.action.VIEW" />
37-->src/main/AndroidManifest.xml:30:17-69
37-->src/main/AndroidManifest.xml:30:25-66
38
39                <category android:name="android.intent.category.DEFAULT" />
39-->src/main/AndroidManifest.xml:32:17-76
39-->src/main/AndroidManifest.xml:32:27-73
40                <category android:name="android.intent.category.BROWSABLE" />
40-->src/main/AndroidManifest.xml:33:17-78
40-->src/main/AndroidManifest.xml:33:27-75
41
42                <data
42-->src/main/AndroidManifest.xml:35:17-37:62
43                    android:host="@string/intent_host"
43-->src/main/AndroidManifest.xml:36:21-55
44                    android:scheme="@string/intent_scheme" />
44-->src/main/AndroidManifest.xml:37:21-59
45            </intent-filter>
46        </activity>
47
48        <service
48-->[androidx.room:room-runtime:2.2.5] AndroidManifest.xml:25:9-28:40
49            android:name="androidx.room.MultiInstanceInvalidationService"
49-->[androidx.room:room-runtime:2.2.5] AndroidManifest.xml:26:13-74
50            android:directBootAware="true"
50-->[androidx.room:room-runtime:2.2.5] AndroidManifest.xml:27:13-43
51            android:exported="false" />
51-->[androidx.room:room-runtime:2.2.5] AndroidManifest.xml:28:13-37
52    </application>
53
54</manifest>